<?xml version="1.0" encoding="UTF-8"?>
<testsuites>
  <testsuite name="CodeIgniter Application Test Suite" tests="1" assertions="2" failures="0" errors="0" time="0.022921">
    <testsuite name="Login_test" file="D:\xampp\htdocs\PBWProject\sttheresia\application\tests\controllers\Login_test.php" fullPackage="Login" tests="1" assertions="2" failures="0" errors="0" time="0.022921">
      <testcase name="test" class="Login_test" file="D:\xampp\htdocs\PBWProject\sttheresia\application\tests\controllers\Login_test.php" line="13" assertions="2" time="0.022921"/>
    </testsuite>
  </testsuite>
</testsuites>
